<?xml version="1.0" encoding="UTF-8"?>
<testng-results ignored="0" total="1" passed="1" failed="0" skipped="0">
  <reporter-output>
    <line>
      <![CDATA[Test Started in browser Chrome]]>
    </line>
  </reporter-output>
  <suite started-at="2022-07-10T18:37:12 IST" name="Suite" finished-at="2022-07-10T18:37:13 IST" duration-ms="184">
    <groups>
    </groups>
    <test started-at="2022-07-10T18:37:12 IST" name="Test" finished-at="2022-07-10T18:37:13 IST" duration-ms="184">
      <class name="app2.TestApp">
        <test-method signature="test_01(java.lang.String)[pri:0, instance:app2.TestApp@2053d869]" started-at="2022-07-10T18:37:13 IST" name="test_01" finished-at="2022-07-10T18:37:13 IST" duration-ms="21" status="PASS">
          <params>
            <param index="0">
              <value>
                <![CDATA[Chrome]]>
              </value>
            </param>
          </params>
          <reporter-output>
            <line>
              <![CDATA[Test Started in browser Chrome]]>
            </line>
          </reporter-output>
        </test-method> <!-- test_01 -->
      </class> <!-- app2.TestApp -->
    </test> <!-- Test -->
  </suite> <!-- Suite -->
</testng-results>
