<?xml version="1.0" encoding="UTF-8"?>
<testng-results ignored="0" total="1" passed="1" failed="0" skipped="0">
  <reporter-output>
  </reporter-output>
  <suite started-at="2022-07-19T22:57:57 IST" name="Suite" finished-at="2022-07-19T22:58:07 IST" duration-ms="9482">
    <groups>
    </groups>
    <test started-at="2022-07-19T22:57:57 IST" name="Test" finished-at="2022-07-19T22:58:07 IST" duration-ms="9482">
      <class name="app2.TestApp2">
        <test-method signature="testingApp()[pri:0, instance:app2.TestApp2@316bcf94]" started-at="2022-07-19T22:57:57 IST" name="testingApp" finished-at="2022-07-19T22:58:07 IST" duration-ms="9361" status="PASS">
          <reporter-output>
          </reporter-output>
        </test-method> <!-- testingApp -->
      </class> <!-- app2.TestApp2 -->
    </test> <!-- Test -->
  </suite> <!-- Suite -->
</testng-results>
